<?xml version="1.0" encoding="UTF-8"?>
<testng-results ignored="0" total="2" passed="2" failed="0" skipped="0">
  <reporter-output>
  </reporter-output>
  <suite started-at="2022-02-02T02:20:45 IST" name="Default suite" finished-at="2022-02-02T02:20:45 IST" duration-ms="111">
    <groups>
    </groups>
    <test started-at="2022-02-02T02:20:45 IST" name="Default test" finished-at="2022-02-02T02:20:45 IST" duration-ms="111">
      <class name="Selenium.SeleniumTest">
        <test-method signature="BrowserAUtomation()[pri:0, instance:Selenium.SeleniumTest@61386958]" started-at="2022-02-02T02:20:45 IST" name="BrowserAUtomation" finished-at="2022-02-02T02:20:45 IST" duration-ms="13" status="PASS">
          <reporter-output>
          </reporter-output>
        </test-method> <!-- BrowserAUtomation -->
        <test-method signature="elementsUi()[pri:0, instance:Selenium.SeleniumTest@61386958]" started-at="2022-02-02T02:20:45 IST" name="elementsUi" finished-at="2022-02-02T02:20:45 IST" duration-ms="5" status="PASS">
          <reporter-output>
          </reporter-output>
        </test-method> <!-- elementsUi -->
      </class> <!-- Selenium.SeleniumTest -->
    </test> <!-- Default test -->
  </suite> <!-- Default suite -->
</testng-results>
